  Generating txt/abi.txt
  Generating html/abi.html
  Generating txt/addons.txt
  Generating html/addons.html
  Generating txt/ahack.txt
  Generating html/ahack.html
  Generating txt/allegro.txt
  Generating html/allegro.html
  Generating txt/api.txt
  Generating html/api.html
  Generating txt/changes.txt
  Generating html/changes.html
  Generating txt/const.txt
  Generating html/const.html
  Generating txt/dat2c.txt
  Generating html/dat2c.html
  Generating txt/dat2s.txt
  Generating html/dat2s.html
  Generating txt/datafile.txt
  Generating html/datafile.html
  Generating txt/dat.txt
  Generating html/dat.html
  Generating txt/faq.txt
  Generating html/faq.html
  Generating txt/grabber.txt
  Generating html/grabber.html
  Generating txt/help.txt
  Generating html/help.html
  Generating txt/index.txt
  Generating html/index.html
  Generating txt/license.txt
  Generating html/license.html
  Generating txt/makedoc.txt
  Generating html/makedoc.html
  Generating txt/mistakes.txt
  Generating html/mistakes.html
  Generating txt/packfile.txt
  Generating html/packfile.html
  Generating txt/readme.txt
  Generating html/readme.html
  Generating txt/thanks.txt
  Generating html/thanks.html
  Generating build/cmake.txt
  Generating build/cmake.html
  Generating build/linux.txt
  Generating build/linux.html
  Generating build/macosx.txt
  Generating build/macosx.html
  Generating build/mingw32.txt
  Generating build/mingw32.html
  Generating build/msvc.txt
  Generating build/msvc.html
  Generating build/unix.txt
  Generating build/unix.html
  Generating AUTHORS
  Generating THANKS
  Generating CHANGES
  Generating readme.txt
  Generating man/allegro_init.3
  Generating scite/allegro.api
  Building Custom Rule C:/Users/Marek/allegro-4.4.3.1/allegro/docs/CMakeLists.txt
